生成启动时间为 2016/6/21 8:53:27。
     1>项目“E:\FlightSimulation\C++code\MathModule_v09\MathModule_v09\MathModule_v09.vcxproj”在节点 2 上(build 个目标)。
     1>InitializeBuildStatus:
         正在创建“Debug\MathModule_v09.unsuccessfulbuild”，因为已指定“AlwaysCreate”。
       ClCompile:
         所有输出均为最新。
         D:\Program Files (x86)\Microsoft Visual Studio 10.0\VC\bin\CL.exe /c /IE:\FlightSimulation\C++code\Eigen3 /ZI /nologo /W3 /WX- /Od /Oy- /D WIN32 /D _DEBUG /D _CONSOLE /D _UNICODE /D UNICODE /Gm /EHsc /RTC1 /MDd /GS /fp:precise /Zc:wchar_t /Zc:forScope /Yu"StdAfx.h" /Fp"Debug\MathModule_v09.pch" /Fo"Debug\\" /Fd"Debug\vc100.pdb" /Gd /TP /analyze- /errorReport:prompt MathModule_v09.cpp RigidBody.cpp
         RigidBody.cpp
         MathModule_v09.cpp
         正在生成代码...
       Link:
         D:\Program Files (x86)\Microsoft Visual Studio 10.0\VC\bin\link.exe /ERRORREPORT:PROMPT /OUT:"E:\FlightSimulation\C++code\MathModule_v09\Debug\MathModule_v09.exe" /INCREMENTAL /NOLOGO kernel32.lib user32.lib gdi32.lib winspool.lib comdlg32.lib advapi32.lib shell32.lib ole32.lib oleaut32.lib uuid.lib odbc32.lib odbccp32.lib /MANIFEST /ManifestFile:"Debug\MathModule_v09.exe.intermediate.manifest" /MANIFESTUAC:"level='asInvoker' uiAccess='false'" /DEBUG /PDB:"E:\FlightSimulation\C++code\MathModule_v09\Debug\MathModule_v09.pdb" /SUBSYSTEM:CONSOLE /TLBID:1 /DYNAMICBASE /NXCOMPAT /IMPLIB:"E:\FlightSimulation\C++code\MathModule_v09\Debug\MathModule_v09.lib" /MACHINE:X86 Debug\DynamicQuaternion.obj
         Debug\MathModule_v09.obj
         Debug\OdeSolver.obj
         Debug\Quaternion2.obj
         Debug\RigidBody.obj
         Debug\stdafx.obj
         MathModule_v09.vcxproj -> E:\FlightSimulation\C++code\MathModule_v09\Debug\MathModule_v09.exe
       Manifest:
         C:\Program Files (x86)\Microsoft SDKs\Windows\v7.0A\bin\mt.exe /nologo /verbose /out:"E:\FlightSimulation\C++code\MathModule_v09\Debug\MathModule_v09.exe.manifest" /manifest Debug\MathModule_v09.exe.intermediate.manifest
       FinalizeBuildStatus:
         正在删除文件“Debug\MathModule_v09.unsuccessfulbuild”。
         正在对“Debug\MathModule_v09.lastbuildstate”执行 Touch 任务。
     1>已完成生成项目“E:\FlightSimulation\C++code\MathModule_v09\MathModule_v09\MathModule_v09.vcxproj”(build 个目标)的操作。

生成成功。

已用时间 00:00:03.36
