c:\users\arthus\documents\simulationsolver\mathmodule\mathmodule_v09\x64\debug\mathmodule_v09.pch
c:\users\arthus\documents\simulationsolver\mathmodule\mathmodule_v09\x64\debug\vc141.pdb
c:\users\arthus\documents\simulationsolver\mathmodule\mathmodule_v09\x64\debug\vc141.idb
c:\users\arthus\documents\simulationsolver\mathmodule\mathmodule_v09\x64\debug\stdafx.obj
c:\users\arthus\documents\simulationsolver\mathmodule\mathmodule_v09\x64\debug\utilityfunctions.obj
c:\users\arthus\documents\simulationsolver\mathmodule\mathmodule_v09\x64\debug\topologyanalysis.obj
c:\users\arthus\documents\simulationsolver\mathmodule\mathmodule_v09\x64\debug\subsystem.obj
c:\users\arthus\documents\simulationsolver\mathmodule\mathmodule_v09\x64\debug\simcontroller.obj
c:\users\arthus\documents\simulationsolver\mathmodule\mathmodule_v09\x64\debug\rungekuttafamily.obj
c:\users\arthus\documents\simulationsolver\mathmodule\mathmodule_v09\x64\debug\rigidbody.obj
c:\users\arthus\documents\simulationsolver\mathmodule\mathmodule_v09\x64\debug\quaternion2.obj
c:\users\arthus\documents\simulationsolver\mathmodule\mathmodule_v09\x64\debug\odesolver.obj
c:\users\arthus\documents\simulationsolver\mathmodule\mathmodule_v09\x64\debug\mathmodule_v09.obj
c:\users\arthus\documents\simulationsolver\mathmodule\mathmodule_v09\x64\debug\ltisystem.obj
c:\users\arthus\documents\simulationsolver\mathmodule\mathmodule_v09\x64\debug\dynamicquaternion.obj
c:\users\longh\documents\simulationsolver\mathmodule\mathmodule_v09\x64\debug\mathmodule_v09.pch
c:\users\longh\documents\simulationsolver\mathmodule\mathmodule_v09\x64\debug\vc141.pdb
c:\users\longh\documents\simulationsolver\mathmodule\mathmodule_v09\x64\debug\vc141.idb
c:\users\longh\documents\simulationsolver\mathmodule\mathmodule_v09\x64\debug\stdafx.obj
c:\users\longh\documents\simulationsolver\mathmodule\mathmodule_v09\x64\debug\utilityfunctions.obj
c:\users\longh\documents\simulationsolver\mathmodule\mathmodule_v09\x64\debug\topologyanalysis.obj
c:\users\longh\documents\simulationsolver\mathmodule\mathmodule_v09\x64\debug\subsystem.obj
c:\users\longh\documents\simulationsolver\mathmodule\mathmodule_v09\x64\debug\simcontroller.obj
c:\users\longh\documents\simulationsolver\mathmodule\mathmodule_v09\x64\debug\rungekuttafamily.obj
c:\users\longh\documents\simulationsolver\mathmodule\mathmodule_v09\x64\debug\rigidbody.obj
c:\users\longh\documents\simulationsolver\mathmodule\mathmodule_v09\x64\debug\quaternion2.obj
c:\users\longh\documents\simulationsolver\mathmodule\mathmodule_v09\x64\debug\odesolver.obj
c:\users\longh\documents\simulationsolver\mathmodule\mathmodule_v09\x64\debug\mathmodule_v09.obj
c:\users\longh\documents\simulationsolver\mathmodule\mathmodule_v09\x64\debug\ltisystem.obj
c:\users\longh\documents\simulationsolver\mathmodule\mathmodule_v09\x64\debug\dynamicquaternion.obj
c:\users\arthus\documents\simulationsolver\mathmodule\x64\debug\mathmodule_v09.exe
c:\users\arthus\documents\simulationsolver\mathmodule\x64\debug\mathmodule_v09.ilk
c:\users\arthus\documents\simulationsolver\mathmodule\mathmodule_v09\x64\debug\mathmodule_v09.exe.intermediate.manifest
c:\users\arthus\documents\simulationsolver\mathmodule\x64\debug\mathmodule_v09.pdb
c:\users\longh\documents\simulationsolver\mathmodule\x64\debug\mathmodule_v09.ilk
c:\users\longh\documents\simulationsolver\mathmodule\x64\debug\mathmodule_v09.exe
c:\users\longh\documents\simulationsolver\mathmodule\mathmodule_v09\x64\debug\mathmodule_v09.exe.intermediate.manifest
c:\users\longh\documents\simulationsolver\mathmodule\x64\debug\mathmodule_v09.pdb
c:\users\arthus\documents\simulationsolver\mathmodule\x64\debug\mathmodule_v09.exe.manifest
c:\users\arthus\documents\simulationsolver\mathmodule\mathmodule_v09\x64\debug\mathmodule_v09.tlog\cl.command.1.tlog
c:\users\arthus\documents\simulationsolver\mathmodule\mathmodule_v09\x64\debug\mathmodule_v09.tlog\cl.read.1.tlog
c:\users\arthus\documents\simulationsolver\mathmodule\mathmodule_v09\x64\debug\mathmodule_v09.tlog\cl.write.1.tlog
c:\users\arthus\documents\simulationsolver\mathmodule\mathmodule_v09\x64\debug\mathmodule_v09.tlog\link.command.1.tlog
c:\users\arthus\documents\simulationsolver\mathmodule\mathmodule_v09\x64\debug\mathmodule_v09.tlog\link.read.1.tlog
c:\users\arthus\documents\simulationsolver\mathmodule\mathmodule_v09\x64\debug\mathmodule_v09.tlog\link.write.1.tlog
c:\users\arthus\documents\simulationsolver\mathmodule\mathmodule_v09\x64\debug\mathmodule_v09.tlog\mt.command.1.tlog
c:\users\arthus\documents\simulationsolver\mathmodule\mathmodule_v09\x64\debug\mathmodule_v09.tlog\mt.read.1.tlog
c:\users\arthus\documents\simulationsolver\mathmodule\mathmodule_v09\x64\debug\mathmodule_v09.tlog\mt.write.1.tlog
