  stdafx.cpp
  DynamicQuaternion.cpp
  LTIsystem.cpp
c:\users\longh\documents\simulationsolver\mathmodule\mathmodule_v09\ltisystem.cpp(24): warning C4244: '=': conversion from 'Eigen::EigenBase<Derived>::Index' to 'unsigned int', possible loss of data
          with
          [
              Derived=Eigen::Matrix<double,-1,-1,0,-1,-1>
          ]
c:\users\longh\documents\simulationsolver\mathmodule\mathmodule_v09\ltisystem.cpp(25): warning C4244: '=': conversion from 'Eigen::EigenBase<Derived>::Index' to 'unsigned int', possible loss of data
          with
          [
              Derived=Eigen::Matrix<double,-1,-1,0,-1,-1>
          ]
c:\users\longh\documents\simulationsolver\mathmodule\mathmodule_v09\ltisystem.cpp(26): warning C4244: '=': conversion from 'Eigen::EigenBase<Derived>::Index' to 'unsigned int', possible loss of data
          with
          [
              Derived=Eigen::Matrix<double,-1,-1,0,-1,-1>
          ]
  MathModule_v09.cpp
  OdeSolver.cpp
  Quaternion2.cpp
  RigidBody.cpp
  RungeKuttaFamily.cpp
  SimController.cpp
c:\users\longh\documents\simulationsolver\mathmodule\mathmodule_v09\simcontroller.cpp(27): warning C4267: '=': conversion from 'size_t' to 'unsigned int', possible loss of data
c:\users\longh\documents\simulationsolver\mathmodule\mathmodule_v09\simcontroller.cpp(45): warning C4267: '=': conversion from 'size_t' to 'unsigned int', possible loss of data
c:\users\longh\documents\simulationsolver\mathmodule\mathmodule_v09\simcontroller.cpp(100): warning C4018: '<': signed/unsigned mismatch
c:\users\longh\documents\simulationsolver\mathmodule\mathmodule_v09\simcontroller.cpp(102): warning C4018: '<': signed/unsigned mismatch
c:\users\longh\documents\simulationsolver\mathmodule\mathmodule_v09\simcontroller.cpp(117): warning C4018: '<': signed/unsigned mismatch
c:\users\longh\documents\simulationsolver\mathmodule\mathmodule_v09\simcontroller.cpp(120): warning C4018: '<': signed/unsigned mismatch
c:\users\longh\documents\simulationsolver\mathmodule\mathmodule_v09\simcontroller.cpp(129): warning C4018: '<': signed/unsigned mismatch
c:\users\longh\documents\simulationsolver\mathmodule\mathmodule_v09\simcontroller.cpp(139): warning C4018: '<': signed/unsigned mismatch
c:\users\longh\documents\simulationsolver\mathmodule\mathmodule_v09\simcontroller.cpp(148): warning C4018: '<': signed/unsigned mismatch
c:\users\longh\documents\simulationsolver\mathmodule\mathmodule_v09\simcontroller.cpp(177): warning C4018: '<': signed/unsigned mismatch
c:\users\longh\documents\simulationsolver\mathmodule\mathmodule_v09\simcontroller.cpp(187): warning C4018: '<': signed/unsigned mismatch
c:\users\longh\documents\simulationsolver\mathmodule\mathmodule_v09\simcontroller.cpp(197): warning C4018: '<': signed/unsigned mismatch
c:\users\longh\documents\simulationsolver\mathmodule\mathmodule_v09\simcontroller.cpp(210): warning C4018: '<': signed/unsigned mismatch
c:\users\longh\documents\simulationsolver\mathmodule\mathmodule_v09\simcontroller.cpp(216): warning C4018: '<': signed/unsigned mismatch
c:\users\longh\documents\simulationsolver\mathmodule\mathmodule_v09\simcontroller.cpp(275): warning C4018: '>=': signed/unsigned mismatch
c:\users\longh\documents\simulationsolver\mathmodule\mathmodule_v09\simcontroller.cpp(284): warning C4018: '>=': signed/unsigned mismatch
c:\users\longh\documents\simulationsolver\mathmodule\mathmodule_v09\simcontroller.cpp(318): warning C4018: '<': signed/unsigned mismatch
c:\users\longh\documents\simulationsolver\mathmodule\mathmodule_v09\simcontroller.cpp(345): warning C4018: '<': signed/unsigned mismatch
c:\users\longh\documents\simulationsolver\mathmodule\mathmodule_v09\simcontroller.cpp(349): warning C4018: '<': signed/unsigned mismatch
c:\users\longh\documents\simulationsolver\mathmodule\mathmodule_v09\simcontroller.cpp(364): warning C4018: '<': signed/unsigned mismatch
c:\users\longh\documents\simulationsolver\mathmodule\mathmodule_v09\simcontroller.cpp(408): warning C4267: 'initializing': conversion from 'size_t' to 'int', possible loss of data
c:\users\longh\documents\simulationsolver\mathmodule\mathmodule_v09\simcontroller.cpp(410): warning C4018: '<': signed/unsigned mismatch
c:\users\longh\documents\simulationsolver\mathmodule\mathmodule_v09\simcontroller.cpp(412): warning C4018: '<': signed/unsigned mismatch
c:\users\longh\documents\simulationsolver\mathmodule\mathmodule_v09\simcontroller.cpp(416): warning C4018: '<': signed/unsigned mismatch
c:\users\longh\documents\simulationsolver\mathmodule\mathmodule_v09\simcontroller.cpp(464): warning C4018: '<': signed/unsigned mismatch
  Subsystem.cpp
  TopologyAnalysis.cpp
c:\users\longh\documents\simulationsolver\mathmodule\mathmodule_v09\topologyanalysis.cpp(12): warning C4244: '=': conversion from '__int64' to 'int', possible loss of data
c:\users\longh\documents\simulationsolver\mathmodule\mathmodule_v09\topologyanalysis.cpp(63): warning C4267: '=': conversion from 'size_t' to 'int', possible loss of data
c:\users\longh\documents\simulationsolver\mathmodule\mathmodule_v09\topologyanalysis.cpp(108): warning C4244: '=': conversion from '__int64' to 'int', possible loss of data
c:\users\longh\documents\simulationsolver\mathmodule\mathmodule_v09\topologyanalysis.cpp(101): warning C4101: 'unscanned_index': unreferenced local variable
c:\users\longh\documents\simulationsolver\mathmodule\mathmodule_v09\topologyanalysis.cpp(145): warning C4244: '=': conversion from 'Eigen::EigenBase<Derived>::Index' to 'int', possible loss of data
          with
          [
              Derived=Eigen::Matrix<int,-1,-1,0,-1,-1>
          ]
  UtilityFunctions.cpp
  Generating Code...
  LINK : C:\Users\longh\Documents\SimulationSolver\MathModule\x64\Debug\MathModule_v09.exe not found or not built by the last incremental link; performing full link
  MathModule_v09.vcxproj -> C:\Users\longh\Documents\SimulationSolver\MathModule\x64\Debug\MathModule_v09.exe
