  SimController.cpp
c:\users\arthus\documents\simulationsolver\mathmodule\mathmodule_v09\simcontroller.cpp(24): warning C4267: '=': conversion from 'size_t' to 'unsigned int', possible loss of data
c:\users\arthus\documents\simulationsolver\mathmodule\mathmodule_v09\simcontroller.cpp(42): warning C4267: '=': conversion from 'size_t' to 'unsigned int', possible loss of data
c:\users\arthus\documents\simulationsolver\mathmodule\mathmodule_v09\simcontroller.cpp(95): warning C4018: '<': signed/unsigned mismatch
c:\users\arthus\documents\simulationsolver\mathmodule\mathmodule_v09\simcontroller.cpp(104): warning C4018: '<': signed/unsigned mismatch
c:\users\arthus\documents\simulationsolver\mathmodule\mathmodule_v09\simcontroller.cpp(106): warning C4018: '<': signed/unsigned mismatch
c:\users\arthus\documents\simulationsolver\mathmodule\mathmodule_v09\simcontroller.cpp(124): warning C4018: '<': signed/unsigned mismatch
c:\users\arthus\documents\simulationsolver\mathmodule\mathmodule_v09\simcontroller.cpp(134): warning C4018: '<': signed/unsigned mismatch
c:\users\arthus\documents\simulationsolver\mathmodule\mathmodule_v09\simcontroller.cpp(144): warning C4018: '<': signed/unsigned mismatch
c:\users\arthus\documents\simulationsolver\mathmodule\mathmodule_v09\simcontroller.cpp(157): warning C4018: '<': signed/unsigned mismatch
c:\users\arthus\documents\simulationsolver\mathmodule\mathmodule_v09\simcontroller.cpp(163): warning C4018: '<': signed/unsigned mismatch
c:\users\arthus\documents\simulationsolver\mathmodule\mathmodule_v09\simcontroller.cpp(221): warning C4018: '>=': signed/unsigned mismatch
c:\users\arthus\documents\simulationsolver\mathmodule\mathmodule_v09\simcontroller.cpp(230): warning C4018: '>=': signed/unsigned mismatch
c:\users\arthus\documents\simulationsolver\mathmodule\mathmodule_v09\simcontroller.cpp(263): warning C4018: '<': signed/unsigned mismatch
  Generating code
  2 of 2699 functions (<0.1%) were compiled, the rest were copied from previous compilation.
    0 functions were new in current compilation
    2 functions had inline decision re-evaluated but remain unchanged
  Finished generating code
  MathModule_v09.vcxproj -> C:\Users\arthus\Documents\SimulationSolver\MathModule\x64\Release\MathModule_v09.exe
