c:\users\arthus\documents\simulationsolver\mathmodule\mathmodule_v09\x64\release\mathmodule_v09.pch
c:\users\arthus\documents\simulationsolver\mathmodule\mathmodule_v09\x64\release\vc141.pdb
c:\users\arthus\documents\simulationsolver\mathmodule\mathmodule_v09\x64\release\stdafx.obj
c:\users\arthus\documents\simulationsolver\mathmodule\mathmodule_v09\x64\release\utilityfunctions.obj
c:\users\arthus\documents\simulationsolver\mathmodule\mathmodule_v09\x64\release\subsystem.obj
c:\users\arthus\documents\simulationsolver\mathmodule\mathmodule_v09\x64\release\simcontroller.obj
c:\users\arthus\documents\simulationsolver\mathmodule\mathmodule_v09\x64\release\rungekuttafamily.obj
c:\users\arthus\documents\simulationsolver\mathmodule\mathmodule_v09\x64\release\rigidbody.obj
c:\users\arthus\documents\simulationsolver\mathmodule\mathmodule_v09\x64\release\quaternion2.obj
c:\users\arthus\documents\simulationsolver\mathmodule\mathmodule_v09\x64\release\odesolver.obj
c:\users\arthus\documents\simulationsolver\mathmodule\mathmodule_v09\x64\release\mathmodule_v09.obj
c:\users\arthus\documents\simulationsolver\mathmodule\mathmodule_v09\x64\release\ltisystem.obj
c:\users\arthus\documents\simulationsolver\mathmodule\mathmodule_v09\x64\release\dynamicquaternion.obj
c:\users\arthus\documents\simulationsolver\mathmodule\mathmodule_v09\x64\release\topologyanalysis.obj
c:\users\arthus\documents\simulationsolver\mathmodule\mathmodule_v09\x64\release\util_recorder.obj
c:\users\arthus\documents\simulationsolver\mathmodule\mathmodule_v09\x64\release\math_gain.obj
c:\users\arthus\documents\simulationsolver\mathmodule\mathmodule_v09\x64\release\source_signalgenerator.obj
c:\users\arthus\documents\simulationsolver\mathmodule\x64\release\mathmodule_v09.exe
c:\users\arthus\documents\simulationsolver\mathmodule\x64\release\mathmodule_v09.pdb
c:\users\arthus\documents\simulationsolver\mathmodule\x64\release\mathmodule_v09.ipdb
c:\users\arthus\documents\simulationsolver\mathmodule\x64\release\mathmodule_v09.iobj
c:\users\arthus\documents\simulationsolver\mathmodule\mathmodule_v09\x64\release\mathmodule_v09.res
c:\users\arthus\documents\simulationsolver\mathmodule\mathmodule_v09\x64\release\mathmodule_v09.tlog\cl.command.1.tlog
c:\users\arthus\documents\simulationsolver\mathmodule\mathmodule_v09\x64\release\mathmodule_v09.tlog\cl.read.1.tlog
c:\users\arthus\documents\simulationsolver\mathmodule\mathmodule_v09\x64\release\mathmodule_v09.tlog\cl.write.1.tlog
c:\users\arthus\documents\simulationsolver\mathmodule\mathmodule_v09\x64\release\mathmodule_v09.tlog\link.command.1.tlog
c:\users\arthus\documents\simulationsolver\mathmodule\mathmodule_v09\x64\release\mathmodule_v09.tlog\link.read.1.tlog
c:\users\arthus\documents\simulationsolver\mathmodule\mathmodule_v09\x64\release\mathmodule_v09.tlog\link.write.1.tlog
c:\users\arthus\documents\simulationsolver\mathmodule\mathmodule_v09\x64\release\mathmodule_v09.tlog\mathmodule_v09.write.1u.tlog
c:\users\arthus\documents\simulationsolver\mathmodule\mathmodule_v09\x64\release\mathmodule_v09.tlog\rc.command.1.tlog
c:\users\arthus\documents\simulationsolver\mathmodule\mathmodule_v09\x64\release\mathmodule_v09.tlog\rc.read.1.tlog
c:\users\arthus\documents\simulationsolver\mathmodule\mathmodule_v09\x64\release\mathmodule_v09.tlog\rc.write.1.tlog
